# JRE version: OpenJDK Runtime Environment (17.0.7) (build 17.0.7+0-b2043.56-10550314)
# Java VM: OpenJDK 64-Bit Server VM (17.0.7+0-b2043.56-10550314, mixed mode, tiered, compressed oops, compressed class ptrs, g1 gc, windows-amd64)
GC Precious Log:
 CPUs: 8 total, 8 available
 Memory: 8020M
 Large Page Support: Disabled
 NUMA Support: Disabled
 Compressed Oops: Enabled (32-bit)
 Heap Region Size: 1M
 Heap Min Capacity: 8M
 Heap Initial Capacity: 126M
 Heap Max Capacity: 2G
 Pre-touch: Disabled
 Parallel Workers: 8
 Concurrent Workers: 2
 Concurrent Refinement Workers: 8
 Periodic GC: Disabled
Heap:
 garbage-first heap   total 258048K, used 167781K [0x0000000080000000, 0x0000000100000000)
  region size 1024K, 34 young (34816K), 2 survivors (2048K)
 Metaspace       used 117828K, committed 118528K, reserved 1179648K
  class space    used 15961K, committed 16320K, reserved 1048576K
GC Heap History (20 events):
Event: 45.425 GC heap before
{Heap before GC invocations=57 (full 0):
 garbage-first heap   total 258048K, used 194646K [0x0000000080000000, 0x0000000100000000)
  region size 1024K, 106 young (108544K), 1 survivors (1024K)
 Metaspace       used 95695K, committed 96384K, reserved 1179648K
  class space    used 13147K, committed 13504K, reserved 1048576K
}
Event: 45.433 GC heap after
{Heap after GC invocations=58 (full 0):
 garbage-first heap   total 258048K, used 92923K [0x0000000080000000, 0x0000000100000000)
  region size 1024K, 6 young (6144K), 6 survivors (6144K)
 Metaspace       used 95695K, committed 96384K, reserved 1179648K
  class space    used 13147K, committed 13504K, reserved 1048576K
}
Event: 48.534 GC heap before
{Heap before GC invocations=58 (full 0):
 garbage-first heap   total 258048K, used 205563K [0x0000000080000000, 0x0000000100000000)
  region size 1024K, 116 young (118784K), 6 survivors (6144K)
 Metaspace       used 102926K, committed 103680K, reserved 1179648K
  class space    used 14160K, committed 14528K, reserved 1048576K
}
Event: 48.554 GC heap after
{Heap after GC invocations=59 (full 0):
 garbage-first heap   total 258048K, used 102289K [0x0000000080000000, 0x0000000100000000)
  region size 1024K, 15 young (15360K), 15 survivors (15360K)
 Metaspace       used 102926K, committed 103680K, reserved 1179648K
  class space    used 14160K, committed 14528K, reserved 1048576K
}
Event: 52.578 GC heap before
{Heap before GC invocations=59 (full 0):
 garbage-first heap   total 258048K, used 204689K [0x0000000080000000, 0x0000000100000000)
  region size 1024K, 116 young (118784K), 15 survivors (15360K)
 Metaspace       used 105290K, committed 106048K, reserved 1179648K
  class space    used 14560K, committed 14912K, reserved 1048576K
}
Event: 52.604 GC heap after
{Heap after GC invocations=60 (full 0):
 garbage-first heap   total 258048K, used 116485K [0x0000000080000000, 0x0000000100000000)
  region size 1024K, 14 young (14336K), 14 survivors (14336K)
 Metaspace       used 105290K, committed 106048K, reserved 1179648K
  class space    used 14560K, committed 14912K, reserved 1048576K
}
Event: 54.333 GC heap before
{Heap before GC invocations=60 (full 0):
 garbage-first heap   total 258048K, used 212741K [0x0000000080000000, 0x0000000100000000)
  region size 1024K, 100 young (102400K), 14 survivors (14336K)
 Metaspace       used 108818K, committed 109632K, reserved 1179648K
  class space    used 14923K, committed 15296K, reserved 1048576K
}
Event: 54.357 GC heap after
{Heap after GC invocations=61 (full 0):
 garbage-first heap   total 258048K, used 129294K [0x0000000080000000, 0x0000000100000000)
  region size 1024K, 13 young (13312K), 13 survivors (13312K)
 Metaspace       used 108818K, committed 109632K, reserved 1179648K
  class space    used 14923K, committed 15296K, reserved 1048576K
}
Event: 55.752 GC heap before
{Heap before GC invocations=61 (full 0):
 garbage-first heap   total 258048K, used 201998K [0x0000000080000000, 0x0000000100000000)
  region size 1024K, 84 young (86016K), 13 survivors (13312K)
 Metaspace       used 111630K, committed 112320K, reserved 1179648K
  class space    used 15276K, committed 15616K, reserved 1048576K
}
Event: 55.773 GC heap after
{Heap after GC invocations=62 (full 0):
 garbage-first heap   total 258048K, used 144267K [0x0000000080000000, 0x0000000100000000)
  region size 1024K, 11 young (11264K), 11 survivors (11264K)
 Metaspace       used 111630K, committed 112320K, reserved 1179648K
  class space    used 15276K, committed 15616K, reserved 1048576K
}
Event: 57.038 GC heap before
{Heap before GC invocations=63 (full 0):
 garbage-first heap   total 258048K, used 232331K [0x0000000080000000, 0x0000000100000000)
  region size 1024K, 69 young (70656K), 11 survivors (11264K)
 Metaspace       used 114443K, committed 115200K, reserved 1179648K
  class space    used 15587K, committed 16000K, reserved 1048576K
}
Event: 57.056 GC heap after
{Heap after GC invocations=64 (full 0):
 garbage-first heap   total 258048K, used 152576K [0x0000000080000000, 0x0000000100000000)
  region size 1024K, 7 young (7168K), 7 survivors (7168K)
 Metaspace       used 114443K, committed 115200K, reserved 1179648K
  class space    used 15587K, committed 16000K, reserved 1048576K
}
Event: 57.204 GC heap before
{Heap before GC invocations=64 (full 0):
 garbage-first heap   total 258048K, used 156672K [0x0000000080000000, 0x0000000100000000)
  region size 1024K, 12 young (12288K), 7 survivors (7168K)
 Metaspace       used 114512K, committed 115264K, reserved 1179648K
  class space    used 15593K, committed 16000K, reserved 1048576K
}
Event: 57.216 GC heap after
{Heap after GC invocations=65 (full 0):
 garbage-first heap   total 258048K, used 151163K [0x0000000080000000, 0x0000000100000000)
  region size 1024K, 2 young (2048K), 2 survivors (2048K)
 Metaspace       used 114512K, committed 115264K, reserved 1179648K
  class space    used 15593K, committed 16000K, reserved 1048576K
}
Event: 59.734 GC heap before
{Heap before GC invocations=65 (full 0):
 garbage-first heap   total 258048K, used 207483K [0x0000000080000000, 0x0000000100000000)
  region size 1024K, 58 young (59392K), 2 survivors (2048K)
 Metaspace       used 116036K, committed 116800K, reserved 1179648K
  class space    used 15744K, committed 16128K, reserved 1048576K
}
Event: 59.741 GC heap after
{Heap after GC invocations=66 (full 0):
 garbage-first heap   total 258048K, used 153997K [0x0000000080000000, 0x0000000100000000)
  region size 1024K, 5 young (5120K), 5 survivors (5120K)
 Metaspace       used 116036K, committed 116800K, reserved 1179648K
  class space    used 15744K, committed 16128K, reserved 1048576K
}
Event: 62.863 GC heap before
{Heap before GC invocations=67 (full 0):
 garbage-first heap   total 258048K, used 201101K [0x0000000080000000, 0x0000000100000000)
  region size 1024K, 61 young (62464K), 5 survivors (5120K)
 Metaspace       used 117790K, committed 118528K, reserved 1179648K
  class space    used 15957K, committed 16320K, reserved 1048576K
}
Event: 62.881 GC heap after
{Heap after GC invocations=68 (full 0):
 garbage-first heap   total 258048K, used 151102K [0x0000000080000000, 0x0000000100000000)
  region size 1024K, 8 young (8192K), 8 survivors (8192K)
 Metaspace       used 117790K, committed 118528K, reserved 1179648K
  class space    used 15957K, committed 16320K, reserved 1048576K
}
Event: 62.937 GC heap before
{Heap before GC invocations=68 (full 0):
 garbage-first heap   total 258048K, used 155198K [0x0000000080000000, 0x0000000100000000)
  region size 1024K, 12 young (12288K), 8 survivors (8192K)
 Metaspace       used 117790K, committed 118528K, reserved 1179648K
  class space    used 15957K, committed 16320K, reserved 1048576K
}
Event: 62.948 GC heap after
{Heap after GC invocations=69 (full 0):
 garbage-first heap   total 258048K, used 137061K [0x0000000080000000, 0x0000000100000000)
  region size 1024K, 2 young (2048K), 2 survivors (2048K)
 Metaspace       used 117790K, committed 118528K, reserved 1179648K
  class space    used 15957K, committed 16320K, reserved 1048576K
}

